TagThePlace/app/build/intermediates/manifest_merge_blame_file/debug/manifest-merger-blame-debug-report.txt
1<?xml version="1.0" encoding="utf-8"?>
2<manifest xmlns:android="http://schemas.android.com/apk/res/android"
3    package="com.example.tagtheplace"
4    android:versionCode="1"
5    android:versionName="1.0" >
6
7    <uses-sdk
8        android:minSdkVersion="21"
8-->src/main/AndroidManifest.xml
9        android:targetSdkVersion="31" />
9-->src/main/AndroidManifest.xml
10
11    <uses-permission android:name="android.permission.ACCESS_COARSE_LOCATION" />
11-->src/main/AndroidManifest.xml:5:5-80
11-->src/main/AndroidManifest.xml:5:22-78
12    <uses-permission android:name="android.permission.ACCESS_FINE_LOCATION" />
12-->src/main/AndroidManifest.xml:6:5-78
12-->src/main/AndroidManifest.xml:6:22-76
13
14    <!-- Include required permissions for Google Maps API to run. -->
15    <uses-permission android:name="android.permission.ACCESS_NETWORK_STATE" />
15-->[com.google.android.gms:play-services-maps:18.0.0] AndroidManifest.xml:23:5-79
15-->[com.google.android.gms:play-services-maps:18.0.0] AndroidManifest.xml:23:22-76
16    <uses-permission android:name="android.permission.INTERNET" />
16-->[com.google.android.gms:play-services-maps:18.0.0] AndroidManifest.xml:24:5-67
16-->[com.google.android.gms:play-services-maps:18.0.0] AndroidManifest.xml:24:22-64
17
18    <uses-feature
18-->[com.google.android.gms:play-services-maps:18.0.0] AndroidManifest.xml:26:5-28:35
19        android:glEsVersion="0x00020000"
19-->[com.google.android.gms:play-services-maps:18.0.0] AndroidManifest.xml:27:9-41
20        android:required="true" />
20-->[com.google.android.gms:play-services-maps:18.0.0] AndroidManifest.xml:28:9-32
21
22    <queries>
22-->[com.google.android.gms:play-services-maps:18.0.0] AndroidManifest.xml:30:5-34:15
23
24        <!-- Needs to be explicitly declared on Android R+ -->
25        <package android:name="com.google.android.apps.maps" />
25-->[com.google.android.gms:play-services-maps:18.0.0] AndroidManifest.xml:33:9-64
25-->[com.google.android.gms:play-services-maps:18.0.0] AndroidManifest.xml:33:18-61
26    </queries>
27
28    <application
28-->src/main/AndroidManifest.xml:8:5-34:19
29        android:allowBackup="true"
29-->src/main/AndroidManifest.xml:9:9-35
30        android:appComponentFactory="androidx.core.app.CoreComponentFactory"
30-->[androidx.core:core:1.5.0] AndroidManifest.xml:24:18-86
31        android:debuggable="true"
32        android:icon="@mipmap/ic_launcher"
32-->src/main/AndroidManifest.xml:10:9-43
33        android:label="@string/app_name"
33-->src/main/AndroidManifest.xml:11:9-41
34        android:roundIcon="@mipmap/ic_launcher_round"
34-->src/main/AndroidManifest.xml:12:9-54
35        android:supportsRtl="true"
35-->src/main/AndroidManifest.xml:13:9-35
36        android:testOnly="true"
37        android:theme="@style/Theme.TagThePlace" >
37-->src/main/AndroidManifest.xml:14:9-49
38        <meta-data
38-->src/main/AndroidManifest.xml:16:9-17:70
39            android:name="com.google.android.geo.API_KEY"
39-->src/main/AndroidManifest.xml:16:20-65
40            android:value="AIzaSyATqXX2bV6-u0d5_wMZUGWETfAUwYgKm4E" />
40-->src/main/AndroidManifest.xml:17:13-68
41        <meta-data
41-->src/main/AndroidManifest.xml:19:9-20:68
42            android:name="com.google.android.gms.version"
42-->src/main/AndroidManifest.xml:19:20-65
43            android:value="@integer/google_play_services_version" />
43-->src/main/AndroidManifest.xml:20:13-66
44
45        <uses-library
45-->src/main/AndroidManifest.xml:22:9-23:39
46            android:name="org.apache.http.legacy"
46-->src/main/AndroidManifest.xml:22:23-60
47            android:required="false" />
47-->src/main/AndroidManifest.xml:23:13-37
48
49        <activity
49-->src/main/AndroidManifest.xml:25:9-33:20
50            android:name="com.example.tagtheplace.MainActivity"
50-->src/main/AndroidManifest.xml:26:13-41
51            android:exported="true" >
51-->src/main/AndroidManifest.xml:27:13-36
52            <intent-filter>
52-->src/main/AndroidManifest.xml:28:13-32:29
53                <action android:name="android.intent.action.MAIN" />
53-->src/main/AndroidManifest.xml:29:17-69
53-->src/main/AndroidManifest.xml:29:25-66
54
55                <category android:name="android.intent.category.LAUNCHER" />
55-->src/main/AndroidManifest.xml:31:17-77
55-->src/main/AndroidManifest.xml:31:27-74
56            </intent-filter>
57        </activity>
58        <activity
58-->[com.google.android.gms:play-services-base:17.0.0] AndroidManifest.xml:23:9-26:75
59            android:name="com.google.android.gms.common.api.GoogleApiActivity"
59-->[com.google.android.gms:play-services-base:17.0.0] AndroidManifest.xml:24:13-79
60            android:exported="false"
60-->[com.google.android.gms:play-services-base:17.0.0] AndroidManifest.xml:25:13-37
61            android:theme="@android:style/Theme.Translucent.NoTitleBar" />
61-->[com.google.android.gms:play-services-base:17.0.0] AndroidManifest.xml:26:13-72
62    </application>
63
64</manifest>